[10:28:14] [Server thread/INFO]: Starting minecraft server version 1.8.8
[10:28:14] [Server thread/INFO]: Loading properties
[10:28:14] [Server console handler/ERROR]: Exception handling console input
java.io.IOException: The handle is invalid
	at java.io.FileInputStream.readBytes(Native Method) ~[?:1.8.0_73]
	at java.io.FileInputStream.read(Unknown Source) ~[?:1.8.0_73]
	at java.io.BufferedInputStream.read1(Unknown Source) ~[?:1.8.0_73]
	at java.io.BufferedInputStream.read(Unknown Source) ~[?:1.8.0_73]
	at sun.nio.cs.StreamDecoder.readBytes(Unknown Source) ~[?:1.8.0_73]
	at sun.nio.cs.StreamDecoder.implRead(Unknown Source) ~[?:1.8.0_73]
	at sun.nio.cs.StreamDecoder.read(Unknown Source) ~[?:1.8.0_73]
	at java.io.InputStreamReader.read(Unknown Source) ~[?:1.8.0_73]
	at java.io.BufferedReader.fill(Unknown Source) ~[?:1.8.0_73]
	at java.io.BufferedReader.readLine(Unknown Source) ~[?:1.8.0_73]
	at java.io.BufferedReader.readLine(Unknown Source) ~[?:1.8.0_73]
	at ko$2.run(SourceFile:81) [minecraft_server.1.8.8.exe:?]
[10:28:14] [Server thread/INFO]: Default game type: SURVIVAL
[10:28:14] [Server thread/INFO]: Generating keypair
[10:28:15] [Server thread/INFO]: Starting Minecraft server on *:25565
[10:28:15] [Server thread/INFO]: Using default channel type
[10:28:17] [Server thread/WARN]: **** SERVER IS RUNNING IN OFFLINE/INSECURE MODE!
[10:28:17] [Server thread/WARN]: The server will make no attempt to authenticate usernames. Beware.
[10:28:17] [Server thread/WARN]: While this makes the game possible to play without internet access, it also opens up the ability for hackers to connect with any username they choose.
[10:28:17] [Server thread/WARN]: To change this, set "online-mode" to "true" in the server.properties file.
[10:28:17] [Server thread/INFO]: Preparing level "world"
[10:28:18] [Server thread/INFO]: Preparing start region for level 0
[10:28:19] [Server thread/INFO]: Preparing spawn area: 0%
[10:28:20] [Server thread/INFO]: Preparing spawn area: 9%
[10:28:21] [Server thread/INFO]: Preparing spawn area: 21%
[10:28:21] [Server thread/ERROR]: Chunk file at -23,-17 is in the wrong location; relocating. (Expected -23, -17, got -27, -25)
[10:28:22] [Server thread/INFO]: Preparing spawn area: 36%
[10:28:23] [Server thread/ERROR]: Chunk file at -15,-8 is in the wrong location; relocating. (Expected -15, -8, got -32, -22)
[10:28:23] [Server thread/INFO]: Preparing spawn area: 68%
[10:28:24] [Server thread/INFO]: Done (6.690s)! For help, type "help" or "?"
[10:29:04] [Server thread/INFO]: WoWClaudiu[/127.0.0.1:49683] logged in with entity id 354 at (-336.49049021128724, 77.0, -287.61524691794335)
[10:29:04] [Server thread/INFO]: WoWClaudiu joined the game
[10:29:12] [Server thread/INFO]: [WoWClaudiu: Changing to clear weather]
[10:31:24] [Server thread/ERROR]: Chunk file at -8,-30 is in the wrong location; relocating. (Expected -8, -30, got -29, -26)
[10:31:30] [Server thread/ERROR]: Chunk file at -6,-29 is in the wrong location; relocating. (Expected -6, -29, got -32, -22)
[10:32:10] [Server thread/INFO]: [WoWClaudiu: Set own game mode to Creative Mode]
[10:34:31] [Server thread/INFO]: [WoWClaudiu: Set own game mode to Survival Mode]
[10:43:02] [Server thread/INFO]: [WoWClaudiu: Changing to clear weather]
[10:43:25] [Server thread/ERROR]: Chunk file at -8,-30 is in the wrong location; relocating. (Expected -8, -30, got -29, -26)
[10:51:24] [Server thread/INFO]: Stopping server
[10:51:24] [Server thread/INFO]: Saving players
[10:51:24] [Server Shutdown Thread/INFO]: Stopping server
[10:51:24] [Server Shutdown Thread/INFO]: Saving players
[10:51:24] [Server thread/INFO]: Saving worlds
[10:51:24] [Server thread/INFO]: Saving chunks for level 'world'/Overworld
